0 info it worked if it ends with ok
1 verbose cli [ 'C:\\Program Files\\nodejs\\node.exe',
1 verbose cli   'C:\\Program Files\\nodejs\\node_modules\\npm\\bin\\npm-cli.js',
1 verbose cli   'view',
1 verbose cli   '@ionic/cli-plugin-ionic-angular',
1 verbose cli   'dist-tags.latest',
1 verbose cli   '--json' ]
2 info using npm@3.10.10
3 info using node@v6.10.3
4 silly mapToRegistry name @ionic/cli-plugin-ionic-angular
5 silly mapToRegistry scope (from package name) @ionic
6 verbose mapToRegistry no registry URL found in name for scope @ionic
7 silly mapToRegistry using default registry
8 silly mapToRegistry registry https://registry.npmjs.org/
9 silly mapToRegistry data Result {
9 silly mapToRegistry   raw: '@ionic/cli-plugin-ionic-angular',
9 silly mapToRegistry   scope: '@ionic',
9 silly mapToRegistry   escapedName: '@ionic%2fcli-plugin-ionic-angular',
9 silly mapToRegistry   name: '@ionic/cli-plugin-ionic-angular',
9 silly mapToRegistry   rawSpec: '',
9 silly mapToRegistry   spec: 'latest',
9 silly mapToRegistry   type: 'tag' }
10 silly mapToRegistry uri https://registry.npmjs.org/@ionic%2fcli-plugin-ionic-angular
11 verbose request uri https://registry.npmjs.org/@ionic%2fcli-plugin-ionic-angular
12 verbose request no auth needed
13 info attempt registry request try #1 at 14:58:38
14 verbose request id 9aebf519503a85fd
15 verbose etag W/"591f48ae-60dd1"
16 verbose lastModified Fri, 19 May 2017 19:34:06 GMT
17 http request GET https://registry.npmjs.org/@ionic%2fcli-plugin-ionic-angular
18 info retry will retry, error on last attempt: Error: connect ETIMEDOUT 151.101.76.162:443
19 info attempt registry request try #2 at 14:59:09
20 verbose etag W/"591f48ae-60dd1"
21 verbose lastModified Fri, 19 May 2017 19:34:06 GMT
22 http request GET https://registry.npmjs.org/@ionic%2fcli-plugin-ionic-angular
23 info retry will retry, error on last attempt: Error: connect ETIMEDOUT 151.101.76.162:443
24 verbose stack Error: kill ENOSYS
24 verbose stack     at exports._errnoException (util.js:1018:11)
24 verbose stack     at process.kill (internal/process.js:190:13)
24 verbose stack     at process.listener (C:\Program Files\nodejs\node_modules\npm\node_modules\npmlog\node_modules\gauge\node_modules\signal-exit\index.js:86:15)
24 verbose stack     at emitNone (events.js:91:20)
24 verbose stack     at process.emit (events.js:185:7)
24 verbose stack     at processEmit (C:\Program Files\nodejs\node_modules\npm\node_modules\npmlog\node_modules\gauge\node_modules\signal-exit\index.js:146:32)
24 verbose stack     at processEmit (C:\Program Files\nodejs\node_modules\npm\node_modules\npm-registry-client\node_modules\npmlog\node_modules\gauge\node_modules\signal-exit\index.js:146:32)
24 verbose stack     at Signal.wrap.onsignal (internal/process.js:217:44)
25 verbose cwd C:\Users\QuangHM1\Desktop\project\memberCard
26 error Windows_NT 6.1.7601
27 error argv "C:\\Program Files\\nodejs\\node.exe" "C:\\Program Files\\nodejs\\node_modules\\npm\\bin\\npm-cli.js" "view" "@ionic/cli-plugin-ionic-angular" "dist-tags.latest" "--json"
28 error node v6.10.3
29 error npm  v3.10.10
30 error code ENOSYS
31 error errno ENOSYS
32 error syscall kill
33 error kill ENOSYS
34 error If you need help, you may report this error at:
34 error     <https://github.com/npm/npm/issues>
35 verbose exit [ 1, true ]
